
12월 03, 2020 11:45:44.39 NEW SESSION
12월 03, 2020 11:45:44.40 [1203/114544.084:ERROR:directory_reader_win.cc(43)] FindFirstFile: 지정된 경로를 찾을 수 없습니다. (0x3)

12월 03, 2020 12:18:14.48 NEW SESSION
12월 03, 2020 12:18:14.48 [10604:1400:1203/121814.477:ERROR:connection_factory_impl.cc(428)] Failed to connect to MCS endpoint with error -106
12월 03, 2020 12:25:07.50 [1203/122507.507:ERROR:directory_reader_win.cc(43)] FindFirstFile: 지정된 경로를 찾을 수 없습니다. (0x3)

12월 07, 2020 13:09:32.96 NEW SESSION
12월 07, 2020 13:09:32.97 [1207/130932.961:ERROR:directory_reader_win.cc(43)] FindFirstFile: 지정된 경로를 찾을 수 없습니다. (0x3)

12월 08, 2020 12:52:29.58 NEW SESSION
12월 08, 2020 12:52:29.58 [1208/125229.582:ERROR:directory_reader_win.cc(43)] FindFirstFile: 지정된 경로를 찾을 수 없습니다. (0x3)
12월 08, 2020 15:13:50.38 [1208/151350.387:ERROR:directory_reader_win.cc(43)] FindFirstFile: 지정된 경로를 찾을 수 없습니다. (0x3)
12월 08, 2020 16:57:55.30 [1208/165755.300:ERROR:directory_reader_win.cc(43)] FindFirstFile: 지정된 경로를 찾을 수 없습니다. (0x3)

12월 10, 2020 16:00:50.99 NEW SESSION
12월 10, 2020 16:00:50.99 [1210/160050.995:ERROR:directory_reader_win.cc(43)] FindFirstFile: 지정된 경로를 찾을 수 없습니다. (0x3)
12월 10, 2020 16:34:38.56 [1210/163438.561:ERROR:directory_reader_win.cc(43)] FindFirstFile: 지정된 경로를 찾을 수 없습니다. (0x3)
12월 10, 2020 17:13:52.28 [1210/171352.281:ERROR:directory_reader_win.cc(43)] FindFirstFile: 지정된 경로를 찾을 수 없습니다. (0x3)
12월 10, 2020 18:55:18.78 [2672:3496:1210/185518.781:ERROR:device_event_log_impl.cc(211)] [18:55:18.779] USB: usb_service_win.cc:258 Failed to get device driver name: 요소가 없습니다. (0x490)
12월 10, 2020 22:14:02.48 [1500:2620:1210/221402.483:ERROR:device_event_log_impl.cc(211)] [22:14:02.484] USB: usb_device_handle_win.cc:1020 Failed to read descriptor from node connection: 시스템에 부착된 장치가 작동하지 않습니다. (0x1F)
12월 10, 2020 22:15:13.34 [5572:8824:1210/221513.341:ERROR:device_event_log_impl.cc(211)] [22:15:13.341] USB: usb_device_handle_win.cc:1020 Failed to read descriptor from node connection: 시스템에 부착된 장치가 작동하지 않습니다. (0x1F)
12월 10, 2020 22:15:55.82 [6100:7592:1210/221555.825:ERROR:device_event_log_impl.cc(211)] [22:15:55.825] USB: usb_device_handle_win.cc:1020 Failed to read descriptor from node connection: 시스템에 부착된 장치가 작동하지 않습니다. (0x1F)
12월 10, 2020 22:16:42.08 [1232:5488:1210/221642.087:ERROR:device_event_log_impl.cc(211)] [22:16:42.087] USB: usb_device_handle_win.cc:1020 Failed to read descriptor from node connection: 시스템에 부착된 장치가 작동하지 않습니다. (0x1F)
12월 10, 2020 22:21:03.18 [2608:1728:1210/222103.183:ERROR:device_event_log_impl.cc(211)] [22:21:03.183] USB: usb_device_handle_win.cc:1020 Failed to read descriptor from node connection: 시스템에 부착된 장치가 작동하지 않습니다. (0x1F)
12월 10, 2020 22:22:28.35 [6620:188:1210/222228.351:ERROR:device_event_log_impl.cc(211)] [22:22:28.351] USB: usb_device_handle_win.cc:1020 Failed to read descriptor from node connection: 시스템에 부착된 장치가 작동하지 않습니다. (0x1F)
12월 10, 2020 22:23:02.65 [9368:7300:1210/222302.653:ERROR:device_event_log_impl.cc(211)] [22:23:02.653] USB: usb_device_handle_win.cc:1020 Failed to read descriptor from node connection: 시스템에 부착된 장치가 작동하지 않습니다. (0x1F)
12월 10, 2020 22:32:20.33 [7188:9612:1210/223220.337:ERROR:device_event_log_impl.cc(211)] [22:32:20.337] USB: usb_device_handle_win.cc:1020 Failed to read descriptor from node connection: 시스템에 부착된 장치가 작동하지 않습니다. (0x1F)
12월 10, 2020 22:34:23.08 [2748:2588:1210/223423.085:ERROR:device_event_log_impl.cc(211)] [22:34:23.085] USB: usb_device_handle_win.cc:1020 Failed to read descriptor from node connection: 시스템에 부착된 장치가 작동하지 않습니다. (0x1F)
12월 10, 2020 22:36:09.07 [2160:7096:1210/223609.075:ERROR:device_event_log_impl.cc(211)] [22:36:09.076] USB: usb_device_handle_win.cc:1020 Failed to read descriptor from node connection: 시스템에 부착된 장치가 작동하지 않습니다. (0x1F)
12월 10, 2020 23:52:39.67 [4640:6956:1210/235239.675:ERROR:device_event_log_impl.cc(211)] [23:52:39.675] USB: usb_device_handle_win.cc:1020 Failed to read descriptor from node connection: 시스템에 부착된 장치가 작동하지 않습니다. (0x1F)
12월 10, 2020 23:56:10.06 [9300:1132:1210/235610.066:ERROR:device_event_log_impl.cc(211)] [23:56:10.066] USB: usb_device_handle_win.cc:1020 Failed to read descriptor from node connection: 시스템에 부착된 장치가 작동하지 않습니다. (0x1F)
12월 10, 2020 23:58:23.13 [4904:6096:1210/235823.130:ERROR:device_event_log_impl.cc(211)] [23:58:23.131] USB: usb_device_handle_win.cc:1020 Failed to read descriptor from node connection: 시스템에 부착된 장치가 작동하지 않습니다. (0x1F)
12월 10, 2020 23:58:57.72 [800:8888:1210/235857.720:ERROR:device_event_log_impl.cc(211)] [23:58:57.721] USB: usb_device_handle_win.cc:1020 Failed to read descriptor from node connection: 시스템에 부착된 장치가 작동하지 않습니다. (0x1F)
12월 11, 2020 24:08:48.01 [1211/000848.010:ERROR:directory_reader_win.cc(43)] FindFirstFile: 지정된 경로를 찾을 수 없습니다. (0x3)
12월 11, 2020 24:12:57.57 [7300:7584:1211/001257.577:ERROR:device_event_log_impl.cc(211)] [00:12:57.578] USB: usb_device_handle_win.cc:1020 Failed to read descriptor from node connection: 시스템에 부착된 장치가 작동하지 않습니다. (0x1F)
12월 11, 2020 24:14:29.80 [4464:9984:1211/001429.809:ERROR:device_event_log_impl.cc(211)] [00:14:29.809] USB: usb_device_handle_win.cc:1020 Failed to read descriptor from node connection: 시스템에 부착된 장치가 작동하지 않습니다. (0x1F)
12월 11, 2020 24:18:41.82 [9180:1180:1211/001841.825:ERROR:device_event_log_impl.cc(211)] [00:18:41.826] USB: usb_device_handle_win.cc:1020 Failed to read descriptor from node connection: 시스템에 부착된 장치가 작동하지 않습니다. (0x1F)
12월 11, 2020 24:19:53.48 [9284:5836:1211/001953.480:ERROR:device_event_log_impl.cc(211)] [00:19:53.480] USB: usb_device_handle_win.cc:1020 Failed to read descriptor from node connection: 시스템에 부착된 장치가 작동하지 않습니다. (0x1F)
12월 11, 2020 24:21:54.63 [3124:9444:1211/002154.636:ERROR:device_event_log_impl.cc(211)] [00:21:54.635] USB: usb_device_handle_win.cc:1020 Failed to read descriptor from node connection: 시스템에 부착된 장치가 작동하지 않습니다. (0x1F)
12월 11, 2020 24:23:41.27 [2820:9256:1211/002341.278:ERROR:device_event_log_impl.cc(211)] [00:23:41.278] USB: usb_device_handle_win.cc:1020 Failed to read descriptor from node connection: 시스템에 부착된 장치가 작동하지 않습니다. (0x1F)
12월 11, 2020 24:24:11.05 [4420:4704:1211/002411.057:ERROR:device_event_log_impl.cc(211)] [00:24:11.058] USB: usb_device_handle_win.cc:1020 Failed to read descriptor from node connection: 시스템에 부착된 장치가 작동하지 않습니다. (0x1F)
12월 11, 2020 24:25:03.43 [6396:4428:1211/002503.438:ERROR:device_event_log_impl.cc(211)] [00:25:03.439] USB: usb_device_handle_win.cc:1020 Failed to read descriptor from node connection: 시스템에 부착된 장치가 작동하지 않습니다. (0x1F)
12월 11, 2020 24:29:01.82 [1320:816:1211/002901.825:ERROR:device_event_log_impl.cc(211)] [00:29:01.825] USB: usb_device_handle_win.cc:1020 Failed to read descriptor from node connection: 시스템에 부착된 장치가 작동하지 않습니다. (0x1F)
12월 11, 2020 24:33:05.97 [3336:9768:1211/003305.979:ERROR:device_event_log_impl.cc(211)] [00:33:05.979] USB: usb_device_handle_win.cc:1020 Failed to read descriptor from node connection: 시스템에 부착된 장치가 작동하지 않습니다. (0x1F)
12월 11, 2020 24:34:43.42 [6940:6596:1211/003443.425:ERROR:device_event_log_impl.cc(211)] [00:34:43.424] USB: usb_device_handle_win.cc:1020 Failed to read descriptor from node connection: 시스템에 부착된 장치가 작동하지 않습니다. (0x1F)
12월 11, 2020 24:36:10.49 [8036:6204:1211/003610.495:ERROR:device_event_log_impl.cc(211)] [00:36:10.495] USB: usb_device_handle_win.cc:1020 Failed to read descriptor from node connection: 시스템에 부착된 장치가 작동하지 않습니다. (0x1F)
12월 11, 2020 24:38:23.56 [5676:8268:1211/003823.565:ERROR:device_event_log_impl.cc(211)] [00:38:23.565] USB: usb_device_handle_win.cc:1020 Failed to read descriptor from node connection: 시스템에 부착된 장치가 작동하지 않습니다. (0x1F)
12월 11, 2020 24:40:02.90 [6952:8776:1211/004002.904:ERROR:device_event_log_impl.cc(211)] [00:40:02.904] USB: usb_device_handle_win.cc:1020 Failed to read descriptor from node connection: 시스템에 부착된 장치가 작동하지 않습니다. (0x1F)
12월 11, 2020 24:40:57.07 [5488:5688:1211/004057.070:ERROR:device_event_log_impl.cc(211)] [00:40:57.070] USB: usb_device_handle_win.cc:1020 Failed to read descriptor from node connection: 시스템에 부착된 장치가 작동하지 않습니다. (0x1F)
12월 11, 2020 24:42:42.69 [10192:8776:1211/004242.695:ERROR:device_event_log_impl.cc(211)] [00:42:42.696] USB: usb_device_handle_win.cc:1020 Failed to read descriptor from node connection: 시스템에 부착된 장치가 작동하지 않습니다. (0x1F)
12월 11, 2020 24:46:54.41 [9288:2304:1211/004654.415:ERROR:device_event_log_impl.cc(211)] [00:46:54.415] USB: usb_device_handle_win.cc:1020 Failed to read descriptor from node connection: 시스템에 부착된 장치가 작동하지 않습니다. (0x1F)
12월 11, 2020 24:47:20.06 [8036:228:1211/004720.069:ERROR:device_event_log_impl.cc(211)] [00:47:20.068] USB: usb_device_handle_win.cc:1020 Failed to read descriptor from node connection: 시스템에 부착된 장치가 작동하지 않습니다. (0x1F)
12월 11, 2020 24:50:28.74 [1544:4380:1211/005028.744:ERROR:device_event_log_impl.cc(211)] [00:50:28.744] USB: usb_device_handle_win.cc:1020 Failed to read descriptor from node connection: 시스템에 부착된 장치가 작동하지 않습니다. (0x1F)
12월 11, 2020 24:50:52.07 [1848:10024:1211/005052.075:ERROR:device_event_log_impl.cc(211)] [00:50:52.076] USB: usb_device_handle_win.cc:1020 Failed to read descriptor from node connection: 시스템에 부착된 장치가 작동하지 않습니다. (0x1F)
12월 11, 2020 24:52:13.15 [2096:6820:1211/005213.154:ERROR:device_event_log_impl.cc(211)] [00:52:13.154] USB: usb_device_handle_win.cc:1020 Failed to read descriptor from node connection: 시스템에 부착된 장치가 작동하지 않습니다. (0x1F)
12월 11, 2020 24:52:58.47 [1800:1072:1211/005258.471:ERROR:device_event_log_impl.cc(211)] [00:52:58.470] USB: usb_device_handle_win.cc:1020 Failed to read descriptor from node connection: 시스템에 부착된 장치가 작동하지 않습니다. (0x1F)
12월 11, 2020 24:55:43.39 [1488:4976:1211/005543.391:ERROR:device_event_log_impl.cc(211)] [00:55:43.391] USB: usb_device_handle_win.cc:1020 Failed to read descriptor from node connection: 시스템에 부착된 장치가 작동하지 않습니다. (0x1F)

12월 11, 2020 09:12:07.70 NEW SESSION
12월 11, 2020 09:12:07.70 [8304:3496:1211/091207.705:ERROR:device_event_log_impl.cc(211)] [09:12:07.704] USB: usb_device_handle_win.cc:1020 Failed to read descriptor from node connection: 시스템에 부착된 장치가 작동하지 않습니다. (0x1F)
12월 11, 2020 09:14:57.88 [9164:4340:1211/091457.883:ERROR:device_event_log_impl.cc(211)] [09:14:57.884] USB: usb_device_handle_win.cc:1020 Failed to read descriptor from node connection: 시스템에 부착된 장치가 작동하지 않습니다. (0x1F)
12월 11, 2020 09:20:31.25 [10576:6784:1211/092031.252:ERROR:device_event_log_impl.cc(211)] [09:20:31.252] USB: usb_device_handle_win.cc:1020 Failed to read descriptor from node connection: 시스템에 부착된 장치가 작동하지 않습니다. (0x1F)
12월 11, 2020 09:21:47.15 [1136:6980:1211/092147.152:ERROR:device_event_log_impl.cc(211)] [09:21:47.152] USB: usb_device_handle_win.cc:1020 Failed to read descriptor from node connection: 시스템에 부착된 장치가 작동하지 않습니다. (0x1F)
12월 11, 2020 09:26:39.59 [3028:2588:1211/092639.590:ERROR:device_event_log_impl.cc(211)] [09:26:39.589] USB: usb_device_handle_win.cc:1020 Failed to read descriptor from node connection: 시스템에 부착된 장치가 작동하지 않습니다. (0x1F)
12월 11, 2020 10:52:47.76 [1211/105247.766:ERROR:directory_reader_win.cc(43)] FindFirstFile: 지정된 경로를 찾을 수 없습니다. (0x3)
12월 11, 2020 11:12:15.82 [1211/111215.826:ERROR:directory_reader_win.cc(43)] FindFirstFile: 지정된 경로를 찾을 수 없습니다. (0x3)
12월 11, 2020 12:24:51.01 [1211/122451.013:ERROR:directory_reader_win.cc(43)] FindFirstFile: 지정된 경로를 찾을 수 없습니다. (0x3)
12월 11, 2020 13:20:32.51 [1211/132032.511:ERROR:directory_reader_win.cc(43)] FindFirstFile: 지정된 경로를 찾을 수 없습니다. (0x3)
12월 11, 2020 13:24:58.63 [11984:7216:1211/132458.633:ERROR:device_event_log_impl.cc(211)] [13:24:58.633] USB: usb_device_handle_win.cc:1020 Failed to read descriptor from node connection: 시스템에 부착된 장치가 작동하지 않습니다. (0x1F)
12월 11, 2020 13:34:49.19 [1211/133449.194:ERROR:directory_reader_win.cc(43)] FindFirstFile: 지정된 경로를 찾을 수 없습니다. (0x3)
12월 11, 2020 14:10:25.20 [936:11932:1211/141025.208:ERROR:device_event_log_impl.cc(211)] [14:10:25.209] USB: usb_device_handle_win.cc:1020 Failed to read descriptor from node connection: 시스템에 부착된 장치가 작동하지 않습니다. (0x1F)
12월 11, 2020 14:10:51.34 [10560:5972:1211/141051.346:ERROR:device_event_log_impl.cc(211)] [14:10:51.346] USB: usb_device_handle_win.cc:1020 Failed to read descriptor from node connection: 시스템에 부착된 장치가 작동하지 않습니다. (0x1F)
12월 11, 2020 14:11:17.19 [8164:12692:1211/141117.193:ERROR:device_event_log_impl.cc(211)] [14:11:17.192] USB: usb_device_handle_win.cc:1020 Failed to read descriptor from node connection: 시스템에 부착된 장치가 작동하지 않습니다. (0x1F)
12월 11, 2020 14:11:35.81 [7196:12676:1211/141135.812:ERROR:device_event_log_impl.cc(211)] [14:11:35.811] USB: usb_device_handle_win.cc:1020 Failed to read descriptor from node connection: 시스템에 부착된 장치가 작동하지 않습니다. (0x1F)
12월 11, 2020 14:11:58.68 [6564:2684:1211/141158.687:ERROR:device_event_log_impl.cc(211)] [14:11:58.688] USB: usb_device_handle_win.cc:1020 Failed to read descriptor from node connection: 시스템에 부착된 장치가 작동하지 않습니다. (0x1F)
12월 11, 2020 14:12:58.18 [884:12948:1211/141258.184:ERROR:device_event_log_impl.cc(211)] [14:12:58.184] USB: usb_device_handle_win.cc:1020 Failed to read descriptor from node connection: 시스템에 부착된 장치가 작동하지 않습니다. (0x1F)
12월 11, 2020 14:13:27.52 [10492:5072:1211/141327.522:ERROR:device_event_log_impl.cc(211)] [14:13:27.522] USB: usb_device_handle_win.cc:1020 Failed to read descriptor from node connection: 시스템에 부착된 장치가 작동하지 않습니다. (0x1F)
12월 11, 2020 14:15:53.71 [12636:4864:1211/141553.718:ERROR:device_event_log_impl.cc(211)] [14:15:53.718] USB: usb_device_handle_win.cc:1020 Failed to read descriptor from node connection: 시스템에 부착된 장치가 작동하지 않습니다. (0x1F)
12월 11, 2020 14:18:42.23 [13268:3548:1211/141842.231:ERROR:device_event_log_impl.cc(211)] [14:18:42.231] USB: usb_device_handle_win.cc:1020 Failed to read descriptor from node connection: 시스템에 부착된 장치가 작동하지 않습니다. (0x1F)
12월 11, 2020 14:24:44.98 [11736:11304:1211/142444.981:ERROR:device_event_log_impl.cc(211)] [14:24:44.981] USB: usb_device_handle_win.cc:1020 Failed to read descriptor from node connection: 시스템에 부착된 장치가 작동하지 않습니다. (0x1F)
12월 11, 2020 14:26:34.10 [4936:2836:1211/142634.103:ERROR:device_event_log_impl.cc(211)] [14:26:34.103] USB: usb_device_handle_win.cc:1020 Failed to read descriptor from node connection: 시스템에 부착된 장치가 작동하지 않습니다. (0x1F)
12월 11, 2020 14:36:25.75 [1211/143625.751:ERROR:directory_reader_win.cc(43)] FindFirstFile: 지정된 경로를 찾을 수 없습니다. (0x3)
12월 11, 2020 16:05:46.76 [1211/160546.765:ERROR:directory_reader_win.cc(43)] FindFirstFile: 지정된 경로를 찾을 수 없습니다. (0x3)
12월 11, 2020 18:37:48.65 [8976:2020:1211/183748.650:ERROR:device_event_log_impl.cc(211)] [18:37:48.649] USB: usb_service_win.cc:258 Failed to get device driver name: 요소가 없습니다. (0x490)
